2024-07-21 15:03:39 INFO  HelloWorldApplication:50 - Starting HelloWorldApplication using Java 21.0.3 with PID 6528 (D:\個人\workspace\HelloWorld\target\classes started by USER in D:\個人\workspace\HelloWorld)
2024-07-21 15:03:39 INFO  HelloWorldApplication:654 - No active profile set, falling back to 1 default profile: "default"
2024-07-21 15:03:40 INFO  RepositoryConfigurationDelegate:143 - Bootstrapping Spring Data R2DBC repositories in DEFAULT mode.
2024-07-21 15:03:40 INFO  RepositoryConfigurationDelegate:211 - Finished Spring Data repository scanning in 103 ms. Found 3 R2DBC repository interfaces.
2024-07-21 15:03:40 INFO  TomcatWebServer:109 - Tomcat initialized with port 8080 (http)
2024-07-21 15:03:41 INFO  TomcatWebServer:241 - Tomcat started on port 8080 (http) with context path ''
2024-07-21 15:03:41 INFO  HelloWorldApplication:56 - Started HelloWorldApplication in 2.19 seconds (process running for 2.964)
2024-07-21 15:06:03 INFO  HelloWorldApplication:50 - Starting HelloWorldApplication using Java 21.0.3 with PID 26776 (D:\個人\workspace\HelloWorld\target\classes started by USER in D:\個人\workspace\HelloWorld)
2024-07-21 15:06:03 INFO  HelloWorldApplication:654 - No active profile set, falling back to 1 default profile: "default"
2024-07-21 15:06:03 INFO  RepositoryConfigurationDelegate:143 - Bootstrapping Spring Data R2DBC repositories in DEFAULT mode.
2024-07-21 15:06:03 INFO  RepositoryConfigurationDelegate:211 - Finished Spring Data repository scanning in 105 ms. Found 3 R2DBC repository interfaces.
2024-07-21 15:06:04 INFO  TomcatWebServer:109 - Tomcat initialized with port 8080 (http)
2024-07-21 15:06:05 INFO  TomcatWebServer:241 - Tomcat started on port 8080 (http) with context path ''
2024-07-21 15:06:05 INFO  HelloWorldApplication:56 - Started HelloWorldApplication in 2.208 seconds (process running for 2.972)
2024-07-21 15:07:09 INFO  HelloWorldApplication:50 - Starting HelloWorldApplication using Java 21.0.3 with PID 17708 (D:\個人\workspace\HelloWorld\target\classes started by USER in D:\個人\workspace\HelloWorld)
2024-07-21 15:07:09 INFO  HelloWorldApplication:654 - No active profile set, falling back to 1 default profile: "default"
2024-07-21 15:07:09 INFO  RepositoryConfigurationDelegate:143 - Bootstrapping Spring Data R2DBC repositories in DEFAULT mode.
2024-07-21 15:07:09 INFO  RepositoryConfigurationDelegate:211 - Finished Spring Data repository scanning in 97 ms. Found 3 R2DBC repository interfaces.
2024-07-21 15:07:10 INFO  TomcatWebServer:109 - Tomcat initialized with port 8080 (http)
2024-07-21 15:07:11 INFO  TomcatWebServer:241 - Tomcat started on port 8080 (http) with context path ''
2024-07-21 15:07:11 INFO  HelloWorldApplication:56 - Started HelloWorldApplication in 2.207 seconds (process running for 2.947)
2024-07-21 15:08:49 INFO  HelloWorldApplication:50 - Starting HelloWorldApplication using Java 21.0.3 with PID 9584 (D:\個人\workspace\HelloWorld\target\classes started by USER in D:\個人\workspace\HelloWorld)
2024-07-21 15:08:49 INFO  HelloWorldApplication:654 - No active profile set, falling back to 1 default profile: "default"
2024-07-21 15:08:49 INFO  RepositoryConfigurationDelegate:143 - Bootstrapping Spring Data R2DBC repositories in DEFAULT mode.
2024-07-21 15:08:49 INFO  RepositoryConfigurationDelegate:211 - Finished Spring Data repository scanning in 93 ms. Found 3 R2DBC repository interfaces.
2024-07-21 15:08:50 INFO  TomcatWebServer:109 - Tomcat initialized with port 8080 (http)
2024-07-21 15:08:50 INFO  Http11NioProtocol:173 - Initializing ProtocolHandler ["http-nio-8080"]
2024-07-21 15:08:50 INFO  StandardService:173 - Starting service [Tomcat]
2024-07-21 15:08:50 INFO  StandardEngine:173 - Starting Servlet engine: [Apache Tomcat/10.1.25]
2024-07-21 15:08:51 INFO  Http11NioProtocol:173 - Starting ProtocolHandler ["http-nio-8080"]
2024-07-21 15:08:51 INFO  TomcatWebServer:241 - Tomcat started on port 8080 (http) with context path ''
2024-07-21 15:08:51 INFO  HelloWorldApplication:56 - Started HelloWorldApplication in 2.24 seconds (process running for 3.001)
2024-07-21 15:08:57 INFO  AbstractOpenApiResource:387 - Init duration for springdoc-openapi is: 247 ms
2024-07-21 15:11:28 INFO  HelloWorldApplication:50 - Starting HelloWorldApplication using Java 21.0.3 with PID 13236 (D:\個人\workspace\HelloWorld\target\classes started by USER in D:\個人\workspace\HelloWorld)
2024-07-21 15:11:28 INFO  HelloWorldApplication:654 - No active profile set, falling back to 1 default profile: "default"
2024-07-21 15:11:28 INFO  RepositoryConfigurationDelegate:143 - Bootstrapping Spring Data R2DBC repositories in DEFAULT mode.
2024-07-21 15:11:28 INFO  RepositoryConfigurationDelegate:211 - Finished Spring Data repository scanning in 94 ms. Found 3 R2DBC repository interfaces.
2024-07-21 15:11:28 INFO  TomcatWebServer:109 - Tomcat initialized with port 8080 (http)
2024-07-21 15:11:28 INFO  Http11NioProtocol:173 - Initializing ProtocolHandler ["http-nio-8080"]
2024-07-21 15:11:28 INFO  StandardService:173 - Starting service [Tomcat]
2024-07-21 15:11:28 INFO  StandardEngine:173 - Starting Servlet engine: [Apache Tomcat/10.1.25]
2024-07-21 15:11:29 INFO  Http11NioProtocol:173 - Starting ProtocolHandler ["http-nio-8080"]
2024-07-21 15:11:29 INFO  TomcatWebServer:241 - Tomcat started on port 8080 (http) with context path ''
2024-07-21 15:11:29 INFO  HelloWorldApplication:56 - Started HelloWorldApplication in 2.165 seconds (process running for 2.922)
